FILE_TYPE=LIBRARY_PARTS;
PRIMITIVE 'LTL2T3TGK6','LTL2T3TGK6_Other';
  PIN
    'K':
      PIN_NUMBER='(2)';
      NO_LOAD_CHECK=BOTH;
      NO_IO_CHECK=BOTH;
      ALLOW_CONNECT=TRUE;
      PINUSE='UNSPEC';
    'A':
      PIN_NUMBER='(1)';
      NO_LOAD_CHECK=BOTH;
      NO_IO_CHECK=BOTH;
      ALLOW_CONNECT=TRUE;
      PINUSE='UNSPEC';
  END_PIN;
  BODY
    PART_NAME='LTL2T3TGK6';
    PHYS_DES_PREFIX='LED';
    NO_LOAD_CHECK='TRUE';
    PIN_COUNT='2';
    BODY_NAME='LTL2T3TGK6';
    JEDEC_TYPE='LTL2T3TGK6';
  END_BODY;
END_PRIMITIVE;
END.
