FILE_TYPE=LIBRARY_PARTS;
PRIMITIVE 'C503B_BCN_CV0Z0461','C503B_BCN_CV0Z0461_Other';
  PIN
    'K':
      PIN_NUMBER='(1)';
      NO_LOAD_CHECK=BOTH;
      NO_IO_CHECK=BOTH;
      ALLOW_CONNECT=TRUE;
      PINUSE='UNSPEC';
    'A':
      PIN_NUMBER='(2)';
      NO_LOAD_CHECK=BOTH;
      NO_IO_CHECK=BOTH;
      ALLOW_CONNECT=TRUE;
      PINUSE='UNSPEC';
  END_PIN;
  BODY
    PART_NAME='C503B_BCN_CV0Z0461';
    PHYS_DES_PREFIX='LED';
    NO_LOAD_CHECK='TRUE';
    PIN_COUNT='2';
    BODY_NAME='C503B_BCN_CV0Z0461';
    JEDEC_TYPE='C503B-BCN';
  END_BODY;
END_PRIMITIVE;
END.
