FILE_TYPE=LIBRARY_PARTS;
PRIMITIVE 'C1206C223KMRECTU','C1206C223KMRECTU_Capacitor Chip Non-polarised';
  PIN
    '1':
      PIN_NUMBER='(1)';
      NO_LOAD_CHECK=BOTH;
      NO_IO_CHECK=BOTH;
      ALLOW_CONNECT=TRUE;
      PINUSE='UNSPEC';
    '2':
      PIN_NUMBER='(2)';
      NO_LOAD_CHECK=BOTH;
      NO_IO_CHECK=BOTH;
      ALLOW_CONNECT=TRUE;
      PINUSE='UNSPEC';
  END_PIN;
  BODY
    PART_NAME='C1206C223KMRECTU';
    PHYS_DES_PREFIX='C';
    NO_LOAD_CHECK='TRUE';
    PIN_COUNT='2';
    BODY_NAME='C1206C223KMRECTU';
    JEDEC_TYPE='CAPC3216X88N';
  END_BODY;
END_PRIMITIVE;
END.
